time="2026-05-17T01:24:55-07:00" level=warning msg="already running, ignoring"
 Container langfuse-clickhouse-1 Running 
 Container langfuse-postgres-1 Running 
 Container langfuse-redis-1 Running 
 Container langfuse-minio-1 Running 
 Container langfuse-langfuse-web-1 Running 
 Container langfuse-langfuse-worker-1 Running 
 Container langfuse-redis-1 Waiting 
 Container langfuse-clickhouse-1 Waiting 
 Container langfuse-postgres-1 Waiting 
 Container langfuse-clickhouse-1 Waiting 
 Container langfuse-postgres-1 Waiting 
 Container langfuse-minio-1 Waiting 
 Container langfuse-minio-1 Waiting 
 Container langfuse-redis-1 Waiting 
 Container langfuse-redis-1 Healthy 
 Container langfuse-clickhouse-1 Healthy 
 Container langfuse-postgres-1 Healthy 
 Container langfuse-minio-1 Healthy 
 Container langfuse-minio-1 Healthy 
 Container langfuse-clickhouse-1 Healthy 
 Container langfuse-postgres-1 Healthy 
 Container langfuse-redis-1 Healthy 
