--- heartbeat start (dry-run=False) ---
idle. all surfaces clear. (7.2s)
--- heartbeat start (dry-run=False) ---
idle. all surfaces clear. (7.7s)
--- heartbeat start (dry-run=False) ---
idle. all surfaces clear. (8.6s)
--- heartbeat start (dry-run=False) ---
idle. all surfaces clear. (6.9s)
--- heartbeat start (dry-run=False) ---
idle. all surfaces clear. (9.1s)
--- heartbeat start (dry-run=False) ---
idle. all surfaces clear. (8.0s)
--- heartbeat start (dry-run=False) ---
idle. all surfaces clear. (7.3s)
--- heartbeat start (dry-run=False) ---
idle. all surfaces clear. (8.4s)
--- heartbeat start (dry-run=False) ---
idle. all surfaces clear. (6.6s)
--- heartbeat start (dry-run=False) ---
work found: operator_inbox=4
--- heartbeat done (6.2s) ---
--- heartbeat start (dry-run=False) ---
work found: operator_inbox=6
--- heartbeat done (9.9s) ---
--- heartbeat start (dry-run=False) ---
work found: operator_inbox=7
--- heartbeat done (14.1s) ---
--- heartbeat start (dry-run=False) ---
work found: operator_inbox=9
--- heartbeat done (9.9s) ---
--- heartbeat start (dry-run=False) ---
work found: operator_inbox=9
--- heartbeat done (9.8s) ---
--- heartbeat start (dry-run=False) ---
work found: operator_inbox=9
--- heartbeat done (7.9s) ---
--- heartbeat start (dry-run=False) ---
work found: operator_inbox=9
--- heartbeat done (6.9s) ---
--- heartbeat start (dry-run=False) ---
work found: operator_inbox=9
--- heartbeat done (5.3s) ---
--- heartbeat start (dry-run=False) ---
work found: operator_inbox=9
--- heartbeat done (5.6s) ---
--- heartbeat start (dry-run=False) ---
work found: operator_inbox=9
--- heartbeat done (5.4s) ---
--- heartbeat start (dry-run=False) ---
work found: operator_inbox=9
--- heartbeat done (6.1s) ---
--- heartbeat start (dry-run=False) ---
work found: operator_inbox=11
--- heartbeat done (5.8s) ---
--- heartbeat start (dry-run=False) ---
work found: operator_inbox=12
--- heartbeat done (5.8s) ---
--- heartbeat start (dry-run=False) ---
work found: operator_inbox=15
--- heartbeat done (5.9s) ---
--- heartbeat start (dry-run=False) ---
work found: operator_inbox=15
--- heartbeat done (7.0s) ---
--- heartbeat start (dry-run=False) ---
work found: operator_inbox=17
--- heartbeat done (5.7s) ---
--- heartbeat start (dry-run=False) ---
work found: operator_inbox=19
--- heartbeat done (6.3s) ---
--- heartbeat start (dry-run=False) ---
work found: operator_inbox=19
--- heartbeat done (6.9s) ---
--- heartbeat start (dry-run=False) ---
work found: operator_inbox=19
--- heartbeat done (5.6s) ---
--- heartbeat start (dry-run=False) ---
work found: operator_inbox=20
--- heartbeat done (5.8s) ---
--- heartbeat start (dry-run=False) ---
work found: operator_inbox=20
--- heartbeat done (9.6s) ---
--- heartbeat start (dry-run=False) ---
work found: operator_inbox=20
--- heartbeat done (8.4s) ---
--- heartbeat start (dry-run=False) ---
work found: operator_inbox=20
--- heartbeat done (7.6s) ---
--- heartbeat start (dry-run=False) ---
work found: operator_inbox=20
--- heartbeat done (12.4s) ---
--- heartbeat start (dry-run=False) ---
work found: operator_inbox=20
--- heartbeat done (14.4s) ---
--- heartbeat start (dry-run=False) ---
work found: operator_inbox=20
--- heartbeat done (15.4s) ---
--- heartbeat start (dry-run=False) ---
work found: operator_inbox=20
--- heartbeat done (6.2s) ---
--- heartbeat start (dry-run=False) ---
work found: operator_inbox=20
--- heartbeat done (8.3s) ---
--- heartbeat start (dry-run=False) ---
work found: operator_inbox=20
--- heartbeat done (6.5s) ---
--- heartbeat start (dry-run=False) ---
work found: operator_inbox=20
--- heartbeat done (7.1s) ---
--- heartbeat start (dry-run=False) ---
work found: operator_inbox=20
--- heartbeat done (7.3s) ---
--- heartbeat start (dry-run=False) ---
work found: operator_inbox=20
--- heartbeat done (9.0s) ---
--- heartbeat start (dry-run=False) ---
idle. surfaces clear (operator_inbox=20 audit-only). (190.4s)
--- heartbeat start (dry-run=False) ---
idle. surfaces clear (operator_inbox=20 audit-only). (6.7s)
--- heartbeat start (dry-run=False) ---
idle. surfaces clear (operator_inbox=20 audit-only). (8.5s)
--- heartbeat start (dry-run=False) ---
idle. surfaces clear (operator_inbox=20 audit-only). (5.4s)
--- heartbeat start (dry-run=False) ---
idle. surfaces clear (operator_inbox=20 audit-only). (6.1s)
--- heartbeat start (dry-run=False) ---
idle. surfaces clear (operator_inbox=20 audit-only). (7.2s)
--- heartbeat start (dry-run=False) ---
idle. surfaces clear (operator_inbox=20 audit-only). (6.5s)
--- heartbeat start (dry-run=False) ---
idle. surfaces clear (operator_inbox=20 audit-only). (9.1s)
